<?xml version="1.0" encoding="UTF-8"?>
<testsuite xmlns:xsi="http://www.w3.org/2001/XMLSchema-instance" xsi:noNamespaceSchemaLocation="https://maven.apache.org/surefire/maven-surefire-plugin/xsd/surefire-test-report-3.0.xsd" version="3.0" name="com.p2p.LoanServiceTest" time="0.577" tests="4" errors="0" skipped="0" failures="0">
  <properties>
[...]
</properties>
  <testcase name="shouldRejectLoanWhenCreditScoreLow" classname="com.p2p.LoanServiceTest" time="0.546">
    <system-out><![CDATA[14:55:31.439 [main] INFO  com.p2p.service.LoanService - Creating loan for borrower with credit score 400
14:55:31.439 [main] INFO  com.p2p.service.LoanService - Loan REJECTED for borrower with credit score 400
]]></system-out>
  </testcase>
  <testcase name="shouldApproveLoanWhenCreditScoreHigh" classname="com.p2p.LoanServiceTest" time="0.004">
    <system-out><![CDATA[14:55:31.454 [main] INFO  com.p2p.service.LoanService - Creating loan for borrower with credit score 700
14:55:31.454 [main] INFO  com.p2p.service.LoanService - Loan APPROVED for borrower with credit score 700
]]></system-out>
  </testcase>
  <testcase name="shouldRejectLoanWhenAmountIsZeroOrNegative" classname="com.p2p.LoanServiceTest" time="0.005">
    <system-out><![CDATA[14:55:31.461 [main] ERROR com.p2p.service.LoanService - Amount must be greater than 0
]]></system-out>
  </testcase>
  <testcase name="shouldRejectLoanWhenBorrowerNotVerified" classname="com.p2p.LoanServiceTest" time="0.002">
    <system-out><![CDATA[14:55:31.466 [main] ERROR com.p2p.service.LoanService - Borrower not verified
]]></system-out>
  </testcase>
</testsuite>